<?xml version="1.0" encoding="UTF-8"?>
<testsuite name="project.app.server.service.PasswordAlgoTestCase" tests="4" skipped="0" failures="0" errors="0" timestamp="2015-11-03T11:28:56" hostname="03dc1c98518b" time="0.319">
  <properties/>
  <testcase name="test1Save" classname="project.app.server.service.PasswordAlgoTestCase" time="0.119"/>
  <testcase name="test2Update" classname="project.app.server.service.PasswordAlgoTestCase" time="0.088"/>
  <testcase name="test3FindById" classname="project.app.server.service.PasswordAlgoTestCase" time="0.008"/>
  <testcase name="test4Delete" classname="project.app.server.service.PasswordAlgoTestCase" time="0.103"/>
  <system-out><![CDATA[Setting logged in user info for ADD
In around repository aspect
[EL Fine]: sql: 2015-11-03 11:28:56.318--ClientSession(294743057)--Connection(1529603035)--Thread(Thread[Test worker,5,main])--INSERT INTO ast_PasswordAlgo_M (algoId, algoDescription, algoHelp, algoIcon, algoName, algorithm, versionId, createdBy, createdDate, updatedBy, updatedDate, activeStatus, txnAccessCode) VALUES (?, ?, ?, ?, ?, ?, ?, ?, ?, ?, ?, ?, ?)
	bind => [515E16FA-C2F6-4683-9738-E8D21D2C40E2, 4xOSRmY88WkX5p3SLaHlxf4roggVrSb1ddb0DvtZbvfLz1nk7M, UPC7fhQjKKILmLYB0EeQiyGJ7b5K6XfvvYgVjrNUOjD3GTYZw2, lojxDccra1EqYNkwuuwhdzueeJDkCT7SKM2qEARbaB5xJ0VRgz, iFHwwQUCCdbChu0NLSAjZXacEOBP1anwQnBn9RD64Kh0iyosFn, 5, 1, AAAAA, 2015-11-03 16:58:56.275, null, 2015-11-03 16:58:56.275, 1, null]
In around repository aspect
[EL Fine]: sql: 2015-11-03 11:28:56.382--ClientSession(11042533)--Connection(1529603035)--Thread(Thread[Test worker,5,main])--SELECT algoId, algoDescription, algoHelp, algoIcon, algoName, algorithm, versionId, createdBy, createdDate, updatedBy, updatedDate, activeStatus, txnAccessCode FROM ast_PasswordAlgo_M WHERE ((activeStatus = ?) AND (algoId = ?))
	bind => [1, 515E16FA-C2F6-4683-9738-E8D21D2C40E2]
Setting logged in user info for UPDATE
In around repository aspect
[EL Fine]: sql: 2015-11-03 11:28:56.385--ClientSession(1857594642)--Connection(1529603035)--Thread(Thread[Test worker,5,main])--SELECT algoId, algoDescription, algoHelp, algoIcon, algoName, algorithm, versionId, createdBy, createdDate, updatedBy, updatedDate, activeStatus, txnAccessCode FROM ast_PasswordAlgo_M WHERE (algoId = ?)
	bind => [515E16FA-C2F6-4683-9738-E8D21D2C40E2]
[EL Fine]: sql: 2015-11-03 11:28:56.387--ClientSession(1857594642)--Connection(1529603035)--Thread(Thread[Test worker,5,main])--UPDATE ast_PasswordAlgo_M SET algoDescription = ?, algoHelp = ?, algoIcon = ?, algoName = ?, algorithm = ?, updatedBy = ?, versionId = ? WHERE ((algoId = ?) AND (versionId = ?))
	bind => [qX285rsINohLeexJQVJzEQTZveaFyQv89bUVNpjsii7cJmjzGi, 1EBu7JsxvSHP8zwvIcvfyL1UTjKwUry9FDlbJPjIbvcaS77BnJ, BQec9n3L5zOHEOL2UfgEa0tO1klpFv543WZZJYawu9nLJDqT3e, B3Kv8r8z69WbulhUdP6dnUXTZcqrZ5fguspoByu7iCP6CR39PF, 3, AAAAA, 2, 515E16FA-C2F6-4683-9738-E8D21D2C40E2, 1]
In around repository aspect
[EL Fine]: sql: 2015-11-03 11:28:56.472--ClientSession(564725803)--Connection(1529603035)--Thread(Thread[Test worker,5,main])--SELECT algoId, algoDescription, algoHelp, algoIcon, algoName, algorithm, versionId, createdBy, createdDate, updatedBy, updatedDate, activeStatus, txnAccessCode FROM ast_PasswordAlgo_M WHERE ((activeStatus = ?) AND (algoId = ?))
	bind => [1, 515E16FA-C2F6-4683-9738-E8D21D2C40E2]
In around repository aspect
[EL Fine]: sql: 2015-11-03 11:28:56.477--ClientSession(1887692712)--Connection(1529603035)--Thread(Thread[Test worker,5,main])--SELECT algoId, algoDescription, algoHelp, algoIcon, algoName, algorithm, versionId, createdBy, createdDate, updatedBy, updatedDate, activeStatus, txnAccessCode FROM ast_PasswordAlgo_M WHERE (algoId = ?)
	bind => [515E16FA-C2F6-4683-9738-E8D21D2C40E2]
[EL Fine]: sql: 2015-11-03 11:28:56.479--ClientSession(1887692712)--Connection(1529603035)--Thread(Thread[Test worker,5,main])--DELETE FROM ast_PasswordAlgo_M WHERE ((algoId = ?) AND (versionId = ?))
	bind => [515E16FA-C2F6-4683-9738-E8D21D2C40E2, 2]
]]></system-out>
  <system-err><![CDATA[]]></system-err>
</testsuite>
